<?xml version="1.0" encoding="UTF-8"?>
<testsuites name="Register Test Suite" time="10" tests="1" failures="0" errors="0">
   <testsuite name="Register Test Suite" tests="1" failures="0" errors="0" time="10" timestamp="2019-05-02 13:59:30" hostname="etienne.husler - TIC17-HUSLERE.intra.eiaj.ch" id="Test Suites/Register Test Suite">
      <properties>
         <property name="deviceName" value=""/>
         <property name="devicePlatform" value=""/>
         <property name="logFolder" value="C:\\Dev\\INF3dlm-a\\Java Entreprise Edition\\workspace\\PinaPoll\\PinaPollKatalon\\Reports\\Register Test Suite\\20190502_135926"/>
         <property name="logFiles" value="C:\\Dev\\INF3dlm-a\\Java Entreprise Edition\\workspace\\PinaPoll\\PinaPollKatalon\\Reports\\Register Test Suite\\20190502_135926\\execution0.log"/>
         <property name="attachments" value=""/>
         <property name="hostName" value="etienne.husler - TIC17-HUSLERE.intra.eiaj.ch"/>
         <property name="os" value="Windows 10 64bit"/>
         <property name="katalonVersion" value="6.0.5.10"/>
         <property name="browser" value="Chrome 73.0.3683.103"/>
         <property name="hostAddress" value="10.0.75.1"/>
         <property name="sessionId" value="c34084658124528215442e1114433a51"/>
         <property name="seleniumVersion" value="3.7.1"/>
         <property name="proxyInformation" value="ProxyInformation{proxyOption=NO_PROXY, proxyServerType=HTTP, password=, proxyServerAddress=, proxyServerPort=0}"/>
         <property name="platform" value="Windows 10"/>
      </properties>
      <testcase name="Test Cases/Register correct user" classname="Test Cases/Register correct user" status="PASSED">
         <system-out><![CDATA[2019-05-02 13:59:30 - [TEST_CASE][PASSED] - Test Cases/Register correct user: Test Cases/Register correct user

2019-05-02 13:59:31 - [TEST_STEP][PASSED] - openBrowser(""): Browser is opened with url: ''

2019-05-02 13:59:32 - [MESSAGE][INFO] - Starting 'Chrome' driver

2019-05-02 13:59:32 - [MESSAGE][INFO] - Action delay is set to 0 seconds

2019-05-02 13:59:37 - [MESSAGE][PASSED] - Browser is opened with url: ''

2019-05-02 13:59:37 - [TEST_STEP][PASSED] - navigateToUrl("http://localhost:8080/"): Navigate to 'http://localhost:8080/' successfully

2019-05-02 13:59:38 - [MESSAGE][PASSED] - Navigate to 'http://localhost:8080/' successfully

2019-05-02 13:59:38 - [TEST_STEP][PASSED] - click(findTestObject("Page_PinaPoll/a_Sign up")): Object: 'Object Repository/Page_PinaPoll/a_Sign up' is clicked on

2019-05-02 13:59:38 - [MESSAGE][PASSED] - Object: 'Object Repository/Page_PinaPoll/a_Sign up' is clicked on

2019-05-02 13:59:38 - [TEST_STEP][PASSED] - setText(findTestObject("Object Repository/Page_Sign up form/input_Registration Form_name (1)"), "TestsKatalon"): Text 'TestsKatalon' is set on object 'Object Repository/Page_Sign up form/input_Registration Form_name (1)'

2019-05-02 13:59:38 - [MESSAGE][PASSED] - Text 'TestsKatalon' is set on object 'Object Repository/Page_Sign up form/input_Registration Form_name (1)'

2019-05-02 13:59:38 - [TEST_STEP][PASSED] - setText(findTestObject("Object Repository/Page_Sign up form/input_Registration Form_email (1)"), "tests@katalon.ch"): Text 'tests@katalon.ch' is set on object 'Object Repository/Page_Sign up form/input_Registration Form_email (1)'

2019-05-02 13:59:39 - [MESSAGE][PASSED] - Text 'tests@katalon.ch' is set on object 'Object Repository/Page_Sign up form/input_Registration Form_email (1)'

2019-05-02 13:59:39 - [TEST_STEP][PASSED] - setEncryptedText(findTestObject("Object Repository/Page_Sign up form/input_Registration Form_password (1)"), "4nvbrPglk7k="): Text ****** has been set on object 'Object Repository/Page_Sign up form/input_Registration Form_password (1)'

2019-05-02 13:59:39 - [MESSAGE][PASSED] - Text ****** has been set on object 'Object Repository/Page_Sign up form/input_Registration Form_password (1)'

2019-05-02 13:59:39 - [TEST_STEP][PASSED] - click(findTestObject("Object Repository/Page_Sign up form/button_Sign up")): Object: 'Object Repository/Page_Sign up form/button_Sign up' is clicked on

2019-05-02 13:59:39 - [MESSAGE][PASSED] - Object: 'Object Repository/Page_Sign up form/button_Sign up' is clicked on

2019-05-02 13:59:39 - [TEST_STEP][PASSED] - closeBrowser(): Browser is closed

2019-05-02 13:59:40 - [MESSAGE][PASSED] - Browser is closed]]></system-out>
         <system-err><![CDATA[]]></system-err>
      </testcase>
      <system-out><![CDATA[2019-05-02 13:59:30 - [TEST_SUITE][PASSED] - Register Test Suite: Test Cases/Register correct user]]></system-out>
      <system-err><![CDATA[]]></system-err>
   </testsuite>
</testsuites>
