<?xml version="1.0" encoding="UTF-8"?>
<testsuites name="Register Test Suite" time="13" tests="1" failures="0" errors="0">
   <testsuite name="Register Test Suite" tests="1" failures="0" errors="0" time="13" timestamp="2019-05-03 00:12:20" hostname="etienne.husler - TIC17-HUSLERE.intra.eiaj.ch" id="Test Suites/Register Test Suite">
      <properties>
         <property name="deviceName" value=""/>
         <property name="devicePlatform" value=""/>
         <property name="logFolder" value="C:\\Dev\\INF3dlm-a\\Java Entreprise Edition\\workspace\\PinaPoll\\PinaPollKatalon\\Reports\\Register Test Suite\\20190503_001216"/>
         <property name="logFiles" value="C:\\Dev\\INF3dlm-a\\Java Entreprise Edition\\workspace\\PinaPoll\\PinaPollKatalon\\Reports\\Register Test Suite\\20190503_001216\\execution0.log"/>
         <property name="attachments" value=""/>
         <property name="hostName" value="etienne.husler - TIC17-HUSLERE.intra.eiaj.ch"/>
         <property name="os" value="Windows 10 64bit"/>
         <property name="katalonVersion" value="6.0.5.10"/>
         <property name="browser" value="Chrome 73.0.3683.103"/>
         <property name="hostAddress" value="157.26.66.40"/>
         <property name="sessionId" value="5cf6f791d988097393ccf377f4ce8f7c"/>
         <property name="seleniumVersion" value="3.7.1"/>
         <property name="proxyInformation" value="ProxyInformation{proxyOption=NO_PROXY, proxyServerType=HTTP, password=, proxyServerAddress=, proxyServerPort=0}"/>
         <property name="platform" value="Windows 10"/>
      </properties>
      <testcase name="Test Cases/Register Test Cases/Register correct user" classname="Test Cases/Register Test Cases/Register correct user" status="PASSED">
         <system-out><![CDATA[2019-05-03 00:12:21 - [TEST_CASE][PASSED] - Test Cases/Register Test Cases/Register correct user: Test Cases/Register Test Cases/Register correct user

2019-05-03 00:12:22 - [TEST_STEP][PASSED] - openBrowser(""): Browser is opened with url: ''

2019-05-03 00:12:23 - [MESSAGE][INFO] - Starting 'Chrome' driver

2019-05-03 00:12:23 - [MESSAGE][INFO] - Action delay is set to 0 seconds

2019-05-03 00:12:29 - [MESSAGE][PASSED] - Browser is opened with url: ''

2019-05-03 00:12:29 - [TEST_STEP][PASSED] - navigateToUrl("http://localhost:8080/"): Navigate to 'http://localhost:8080/' successfully

2019-05-03 00:12:31 - [MESSAGE][PASSED] - Navigate to 'http://localhost:8080/' successfully

2019-05-03 00:12:31 - [TEST_STEP][PASSED] - click(findTestObject("Page_/a_Sign up")): Object: 'Object Repository/Page_/a_Sign up' is clicked on

2019-05-03 00:12:31 - [MESSAGE][PASSED] - Object: 'Object Repository/Page_/a_Sign up' is clicked on

2019-05-03 00:12:31 - [TEST_STEP][PASSED] - setText(findTestObject("Object Repository/Page_/input_Registration Form_name"), "KatalonUser"): Text 'KatalonUser' is set on object 'Object Repository/Page_/input_Registration Form_name'

2019-05-03 00:12:31 - [MESSAGE][PASSED] - Text 'KatalonUser' is set on object 'Object Repository/Page_/input_Registration Form_name'

2019-05-03 00:12:31 - [TEST_STEP][PASSED] - setText(findTestObject("Object Repository/Page_/input_Registration Form_email"), "katalon@user.ch"): Text 'katalon@user.ch' is set on object 'Object Repository/Page_/input_Registration Form_email'

2019-05-03 00:12:32 - [MESSAGE][PASSED] - Text 'katalon@user.ch' is set on object 'Object Repository/Page_/input_Registration Form_email'

2019-05-03 00:12:32 - [TEST_STEP][PASSED] - setEncryptedText(findTestObject("Object Repository/Page_/input_Registration Form_password"), "4nvbrPglk7k="): Text ****** has been set on object 'Object Repository/Page_/input_Registration Form_password'

2019-05-03 00:12:32 - [MESSAGE][PASSED] - Text ****** has been set on object 'Object Repository/Page_/input_Registration Form_password'

2019-05-03 00:12:32 - [TEST_STEP][PASSED] - click(findTestObject("Object Repository/Page_/button_Sign up")): Object: 'Object Repository/Page_/button_Sign up' is clicked on

2019-05-03 00:12:33 - [MESSAGE][PASSED] - Object: 'Object Repository/Page_/button_Sign up' is clicked on

2019-05-03 00:12:33 - [TEST_STEP][PASSED] - closeBrowser(): Browser is closed

2019-05-03 00:12:34 - [MESSAGE][PASSED] - Browser is closed]]></system-out>
         <system-err><![CDATA[]]></system-err>
      </testcase>
      <system-out><![CDATA[2019-05-03 00:12:20 - [TEST_SUITE][PASSED] - Register Test Suite: Test Cases/Register Test Cases/Register correct user]]></system-out>
      <system-err><![CDATA[]]></system-err>
   </testsuite>
</testsuites>
