<?xml version="1.0" encoding="UTF-8"?>
<testsuites name="Test Suite" time="9" tests="1" failures="0" errors="0">
   <testsuite name="Test Suite" tests="1" failures="0" errors="0" time="9" timestamp="2019-03-22 09:00:17" hostname="etienne.husler - TIC17-HUSLERE.intra.eiaj.ch" id="Test Suites/Test Suite">
      <properties>
         <property name="deviceName" value=""/>
         <property name="devicePlatform" value=""/>
         <property name="logFolder" value="C:\\Dev\\INF3dlm-a\\Java Entreprise Edition\\workspace\\PinaPoll\\PinaPollKatalon\\Reports\\Test Suite\\20190322_090013"/>
         <property name="logFiles" value="C:\\Dev\\INF3dlm-a\\Java Entreprise Edition\\workspace\\PinaPoll\\PinaPollKatalon\\Reports\\Test Suite\\20190322_090013\\execution0.log"/>
         <property name="attachments" value=""/>
         <property name="hostName" value="etienne.husler - TIC17-HUSLERE.intra.eiaj.ch"/>
         <property name="os" value="Windows 10 64bit"/>
         <property name="katalonVersion" value="6.0.5.10"/>
         <property name="browser" value="Chrome 73.0.3683.86"/>
         <property name="hostAddress" value="10.0.75.1"/>
         <property name="sessionId" value="ac57bd5b78c28b5bfc5df3b3433eddfd"/>
         <property name="seleniumVersion" value="3.7.1"/>
         <property name="proxyInformation" value="ProxyInformation{proxyOption=NO_PROXY, proxyServerType=HTTP, password=, proxyServerAddress=, proxyServerPort=0}"/>
         <property name="platform" value="Windows 10"/>
      </properties>
      <testcase name="Test Cases/Open Browser" classname="Test Cases/Open Browser" status="PASSED">
         <system-out><![CDATA[2019-03-22 09:00:17 - [TEST_CASE][PASSED] - Test Cases/Open Browser: Test Cases/Open Browser

2019-03-22 09:00:18 - [TEST_STEP][PASSED] - openBrowser(""): Browser is opened with url: ''

2019-03-22 09:00:19 - [MESSAGE][INFO] - Starting 'Chrome' driver

2019-03-22 09:00:19 - [MESSAGE][INFO] - Action delay is set to 0 seconds

2019-03-22 09:00:24 - [MESSAGE][PASSED] - Browser is opened with url: ''

2019-03-22 09:00:24 - [TEST_STEP][PASSED] - navigateToUrl("https://google.com/"): Navigate to 'https://google.com/' successfully

2019-03-22 09:00:26 - [MESSAGE][PASSED] - Navigate to 'https://google.com/' successfully

2019-03-22 09:00:26 - [TEST_STEP][PASSED] - closeBrowser(): Browser is closed

2019-03-22 09:00:26 - [MESSAGE][PASSED] - Browser is closed]]></system-out>
         <system-err><![CDATA[]]></system-err>
      </testcase>
      <system-out><![CDATA[2019-03-22 09:00:17 - [TEST_SUITE][PASSED] - Test Suite: Test Cases/Open Browser]]></system-out>
      <system-err><![CDATA[]]></system-err>
   </testsuite>
</testsuites>
