<?xml version="1.0" encoding="UTF-8"?>
<testsuites name="Register Test Suite" time="17" tests="2" failures="0" errors="0">
   <testsuite name="Register Test Suite" tests="2" failures="0" errors="0" time="17" timestamp="2019-05-03 00:43:52" hostname="etienne.husler - TIC17-HUSLERE.intra.eiaj.ch" id="Test Suites/Register Test Suite">
      <properties>
         <property name="deviceName" value=""/>
         <property name="devicePlatform" value=""/>
         <property name="logFolder" value="C:\\Dev\\INF3dlm-a\\Java Entreprise Edition\\workspace\\PinaPoll\\PinaPollKatalon\\Reports\\Register Test Suite\\20190503_004348"/>
         <property name="logFiles" value="C:\\Dev\\INF3dlm-a\\Java Entreprise Edition\\workspace\\PinaPoll\\PinaPollKatalon\\Reports\\Register Test Suite\\20190503_004348\\execution0.log"/>
         <property name="attachments" value=""/>
         <property name="hostName" value="etienne.husler - TIC17-HUSLERE.intra.eiaj.ch"/>
         <property name="os" value="Windows 10 64bit"/>
         <property name="katalonVersion" value="6.0.5.10"/>
         <property name="browser" value="Chrome 73.0.3683.103"/>
         <property name="hostAddress" value="157.26.66.40"/>
         <property name="sessionId" value="b84bab7d379715a3597bd27a3d315c78"/>
         <property name="seleniumVersion" value="3.7.1"/>
         <property name="proxyInformation" value="ProxyInformation{proxyOption=NO_PROXY, proxyServerType=HTTP, password=, proxyServerAddress=, proxyServerPort=0}"/>
         <property name="platform" value="Windows 10"/>
      </properties>
      <testcase name="Test Cases/Register Test Cases/Home" classname="Test Cases/Register Test Cases/Home" status="PASSED">
         <system-out><![CDATA[2019-05-03 00:43:53 - [TEST_CASE][PASSED] - Test Cases/Register Test Cases/Home: Test Cases/Register Test Cases/Home

2019-05-03 00:43:54 - [TEST_STEP][PASSED] - openBrowser(""): Browser is opened with url: ''

2019-05-03 00:43:55 - [MESSAGE][INFO] - Starting 'Chrome' driver

2019-05-03 00:43:55 - [MESSAGE][INFO] - Action delay is set to 0 seconds

2019-05-03 00:44:00 - [MESSAGE][PASSED] - Browser is opened with url: ''

2019-05-03 00:44:00 - [TEST_STEP][PASSED] - navigateToUrl("http://localhost:8080/"): Navigate to 'http://localhost:8080/' successfully

2019-05-03 00:44:01 - [MESSAGE][PASSED] - Navigate to 'http://localhost:8080/' successfully

2019-05-03 00:44:01 - [TEST_STEP][PASSED] - closeBrowser(): Browser is closed

2019-05-03 00:44:02 - [MESSAGE][PASSED] - Browser is closed]]></system-out>
         <system-err><![CDATA[]]></system-err>
      </testcase>
      <testcase name="Test Cases/Register Test Cases/Register correct user" classname="Test Cases/Register Test Cases/Register correct user" status="PASSED">
         <system-out><![CDATA[2019-05-03 00:44:02 - [TEST_CASE][PASSED] - Test Cases/Register Test Cases/Register correct user: Test Cases/Register Test Cases/Register correct user

2019-05-03 00:44:03 - [TEST_STEP][PASSED] - openBrowser(""): Browser is opened with url: ''

2019-05-03 00:44:03 - [MESSAGE][INFO] - Starting 'Chrome' driver

2019-05-03 00:44:06 - [MESSAGE][PASSED] - Browser is opened with url: ''

2019-05-03 00:44:06 - [TEST_STEP][PASSED] - navigateToUrl("http://localhost:8080/registration"): Navigate to 'http://localhost:8080/registration' successfully

2019-05-03 00:44:07 - [MESSAGE][PASSED] - Navigate to 'http://localhost:8080/registration' successfully

2019-05-03 00:44:07 - [TEST_STEP][PASSED] - setText(findTestObject("Object Repository/Page_/input_Registration Form_name (1)"), "UserKatalon"): Text 'UserKatalon' is set on object 'Object Repository/Page_/input_Registration Form_name (1)'

2019-05-03 00:44:07 - [MESSAGE][PASSED] - Text 'UserKatalon' is set on object 'Object Repository/Page_/input_Registration Form_name (1)'

2019-05-03 00:44:07 - [TEST_STEP][PASSED] - setText(findTestObject("Object Repository/Page_/input_Registration Form_email (1)"), "user@katalon.ch"): Text 'user@katalon.ch' is set on object 'Object Repository/Page_/input_Registration Form_email (1)'

2019-05-03 00:44:08 - [MESSAGE][PASSED] - Text 'user@katalon.ch' is set on object 'Object Repository/Page_/input_Registration Form_email (1)'

2019-05-03 00:44:08 - [TEST_STEP][PASSED] - setEncryptedText(findTestObject("Object Repository/Page_/input_Registration Form_password (1)"), "4nvbrPglk7k="): Text ****** has been set on object 'Object Repository/Page_/input_Registration Form_password (1)'

2019-05-03 00:44:08 - [MESSAGE][PASSED] - Text ****** has been set on object 'Object Repository/Page_/input_Registration Form_password (1)'

2019-05-03 00:44:08 - [TEST_STEP][PASSED] - click(findTestObject("Object Repository/Page_/button_Sign up (1)")): Object: 'Object Repository/Page_/button_Sign up (1)' is clicked on

2019-05-03 00:44:09 - [MESSAGE][PASSED] - Object: 'Object Repository/Page_/button_Sign up (1)' is clicked on

2019-05-03 00:44:09 - [TEST_STEP][PASSED] - click(findTestObject("Object Repository/Page_/div_User has been registered successfully")): Object: 'Object Repository/Page_/div_User has been registered successfully' is clicked on

2019-05-03 00:44:09 - [MESSAGE][PASSED] - Object: 'Object Repository/Page_/div_User has been registered successfully' is clicked on

2019-05-03 00:44:09 - [TEST_STEP][PASSED] - closeBrowser(): Browser is closed

2019-05-03 00:44:10 - [MESSAGE][PASSED] - Browser is closed]]></system-out>
         <system-err><![CDATA[]]></system-err>
      </testcase>
      <system-out><![CDATA[2019-05-03 00:43:52 - [TEST_SUITE][PASSED] - Register Test Suite: Test Cases/Register Test Cases/Register correct user]]></system-out>
      <system-err><![CDATA[]]></system-err>
   </testsuite>
</testsuites>
